<?xml version="1.0" encoding="UTF-8"?>
<!-- Generated by org.testng.reporters.JUnitReportReporter -->
<testsuite hostname="IBM-FZT53F3" failures="0" tests="1" name="ChanuTraining.Appium.ScrollDemo" time="14.892" errors="0" timestamp="2023-12-26T08:54:48 PST" skipped="0">
  <testcase classname="ChanuTraining.Appium.ScrollDemo" name="ScrollDemoTest" time="14.892"/>
</testsuite> <!-- ChanuTraining.Appium.ScrollDemo -->
