<?xml version="1.0" encoding="UTF-8"?>
<!-- Generated by org.testng.reporters.JUnitReportReporter -->
<testsuite hostname="IBM-FZT53F3" failures="0" tests="1" name="ChanuTraining.Appium.SwipeDemo" time="10.754" errors="0" timestamp="2023-12-26T09:01:04 PST" skipped="0">
  <testcase classname="ChanuTraining.Appium.SwipeDemo" name="SwipeDemoTest" time="10.754"/>
</testsuite> <!-- ChanuTraining.Appium.SwipeDemo -->
