<?xml version="1.0" encoding="UTF-8"?>
<!-- Generated by org.testng.reporters.JUnitReportReporter -->
<testsuite hostname="IBM-FZT53F3" failures="0" tests="1" name="ChanuTraining.Appium.eCommerce_tc_1" time="16.867" errors="0" timestamp="2023-12-28T08:37:14 PST" skipped="0">
  <testcase classname="ChanuTraining.Appium.eCommerce_tc_1" name="FillForm_Error" time="16.867"/>
</testsuite> <!-- ChanuTraining.Appium.eCommerce_tc_1 -->
