<?xml version="1.0" encoding="UTF-8"?>
<!-- Generated by org.testng.reporters.JUnitReportReporter -->
<testsuite hostname="IBM-FZT53F3" failures="0" tests="1" name="ChanuTraining.Appium.Practice1" time="15.785" errors="0" timestamp="2023-12-27T02:24:46 PST" skipped="0">
  <testcase classname="ChanuTraining.Appium.Practice1" name="WifiSettingsName" time="15.785"/>
</testsuite> <!-- ChanuTraining.Appium.Practice1 -->
