<?xml version="1.0" encoding="UTF-8"?>
<!-- Generated by org.testng.reporters.JUnitReportReporter -->
<testsuite hostname="IBM-FZT53F3" failures="0" tests="1" name="ChanuTraining.Appium.AppiumBasics" time="8.709" errors="0" timestamp="2023-12-26T06:30:40 PST" skipped="0">
  <testcase classname="ChanuTraining.Appium.AppiumBasics" name="WifiSettingsName" time="8.709"/>
</testsuite> <!-- ChanuTraining.Appium.AppiumBasics -->
