<?xml version="1.0" encoding="UTF-8"?>
<!-- Generated by org.testng.reporters.JUnitReportReporter -->
<testsuite hostname="IBM-FZT53F3" failures="0" tests="1" name="Practice.Practice1" time="17.544" errors="0" timestamp="2023-12-19T21:30:17 PST" skipped="0">
  <testcase classname="Practice.Practice1" name="WifiSettingsName" time="17.544"/>
</testsuite> <!-- Practice.Practice1 -->
