<?xml version="1.0" encoding="UTF-8"?>
<!-- Generated by org.testng.reporters.JUnitReportReporter -->
<testsuite hostname="IBM-FZT53F3" failures="0" tests="1" name="ChanuTraining.Appium.eCommerce_tc_2" time="17.997" errors="0" timestamp="2023-12-28T08:40:31 PST" skipped="0">
  <testcase classname="ChanuTraining.Appium.eCommerce_tc_2" name="FillForm_PositiveFlow" time="17.997"/>
</testsuite> <!-- ChanuTraining.Appium.eCommerce_tc_2 -->
